<?xml version="1.0" encoding="UTF-8"?>
<!-- Generated by org.testng.reporters.JUnitReportReporter -->
<testsuite skipped="0" hostname="Khurram" name="com.qa.Testcases.EndToEndTest" tests="1" failures="0" timestamp="14 Feb 2022 16:47:05 GMT" time="30.758" errors="0">
  <testcase name="EndToEndTest" time="30.758" classname="com.qa.Testcases.EndToEndTest"/>
</testsuite> <!-- com.qa.Testcases.EndToEndTest -->
